{"/Users/bisheshwardas/Documents/PROJECTS/SIT774_10.3D/server/app.js": {"path":"/Users/bisheshwardas/Documents/PROJECTS/SIT774_10.3D/server/app.js","statementMap":{"0":{"start":{"line":1,"column":16},"end":{"line":1,"column":34}},"1":{"start":{"line":2,"column":15},"end":{"line":2,"column":32}},"2":{"start":{"line":3,"column":13},"end":{"line":3,"column":28}},"3":{"start":{"line":4,"column":15},"end":{"line":4,"column":32}},"4":{"start":{"line":5,"column":11},"end":{"line":5,"column":34}},"5":{"start":{"line":7,"column":12},"end":{"line":7,"column":21}},"6":{"start":{"line":8,"column":13},"end":{"line":8,"column":17}},"7":{"start":{"line":11,"column":0},"end":{"line":11,"column":30}},"8":{"start":{"line":12,"column":0},"end":{"line":12,"column":48}},"9":{"start":{"line":15,"column":0},"end":{"line":15,"column":26}},"10":{"start":{"line":16,"column":0},"end":{"line":16,"column":48}},"11":{"start":{"line":17,"column":0},"end":{"line":17,"column":24}},"12":{"start":{"line":20,"column":0},"end":{"line":20,"column":56}},"13":{"start":{"line":21,"column":0},"end":{"line":21,"column":69}},"14":{"start":{"line":26,"column":16},"end":{"line":31,"column":2}},"15":{"start":{"line":29,"column":4},"end":{"line":29,"column":59}},"16":{"start":{"line":32,"column":15},"end":{"line":32,"column":34}},"17":{"start":{"line":39,"column":0},"end":{"line":41,"column":3}},"18":{"start":{"line":40,"column":2},"end":{"line":40,"column":79}},"19":{"start":{"line":44,"column":0},"end":{"line":50,"column":3}},"20":{"start":{"line":45,"column":2},"end":{"line":49,"column":5}},"21":{"start":{"line":53,"column":0},"end":{"line":85,"column":3}},"22":{"start":{"line":54,"column":16},"end":{"line":54,"column":38}},"23":{"start":{"line":55,"column":22},"end":{"line":55,"column":50}},"24":{"start":{"line":56,"column":20},"end":{"line":56,"column":106}},"25":{"start":{"line":57,"column":15},"end":{"line":57,"column":65}},"26":{"start":{"line":58,"column":16},"end":{"line":58,"column":51}},"27":{"start":{"line":60,"column":17},"end":{"line":60,"column":28}},"28":{"start":{"line":61,"column":18},"end":{"line":61,"column":19}},"29":{"start":{"line":62,"column":20},"end":{"line":62,"column":21}},"30":{"start":{"line":63,"column":17},"end":{"line":63,"column":25}},"31":{"start":{"line":64,"column":20},"end":{"line":64,"column":44}},"32":{"start":{"line":66,"column":14},"end":{"line":69,"column":3}},"33":{"start":{"line":71,"column":2},"end":{"line":84,"column":5}},"34":{"start":{"line":72,"column":4},"end":{"line":75,"column":5}},"35":{"start":{"line":73,"column":6},"end":{"line":73,"column":53}},"36":{"start":{"line":74,"column":6},"end":{"line":74,"column":52}},"37":{"start":{"line":77,"column":4},"end":{"line":83,"column":7}},"38":{"start":{"line":88,"column":0},"end":{"line":124,"column":3}},"39":{"start":{"line":89,"column":22},"end":{"line":93,"column":3}},"40":{"start":{"line":94,"column":18},"end":{"line":94,"column":48}},"41":{"start":{"line":96,"column":2},"end":{"line":123,"column":5}},"42":{"start":{"line":97,"column":4},"end":{"line":100,"column":5}},"43":{"start":{"line":98,"column":6},"end":{"line":98,"column":55}},"44":{"start":{"line":99,"column":6},"end":{"line":99,"column":73}},"45":{"start":{"line":102,"column":4},"end":{"line":122,"column":7}},"46":{"start":{"line":103,"column":6},"end":{"line":106,"column":7}},"47":{"start":{"line":104,"column":8},"end":{"line":104,"column":56}},"48":{"start":{"line":105,"column":8},"end":{"line":105,"column":76}},"49":{"start":{"line":108,"column":26},"end":{"line":108,"column":28}},"50":{"start":{"line":109,"column":6},"end":{"line":113,"column":7}},"51":{"start":{"line":110,"column":8},"end":{"line":112,"column":11}},"52":{"start":{"line":111,"column":10},"end":{"line":111,"column":44}},"53":{"start":{"line":115,"column":24},"end":{"line":119,"column":14}},"54":{"start":{"line":115,"column":63},"end":{"line":119,"column":7}},"55":{"start":{"line":121,"column":6},"end":{"line":121,"column":62}},"56":{"start":{"line":127,"column":0},"end":{"line":144,"column":3}},"57":{"start":{"line":128,"column":42},"end":{"line":128,"column":50}},"58":{"start":{"line":129,"column":22},"end":{"line":129,"column":46}},"59":{"start":{"line":131,"column":14},"end":{"line":134,"column":3}},"60":{"start":{"line":136,"column":2},"end":{"line":143,"column":5}},"61":{"start":{"line":137,"column":4},"end":{"line":140,"column":5}},"62":{"start":{"line":138,"column":6},"end":{"line":138,"column":53}},"63":{"start":{"line":139,"column":6},"end":{"line":139,"column":72}},"64":{"start":{"line":142,"column":4},"end":{"line":142,"column":72}},"65":{"start":{"line":147,"column":0},"end":{"line":194,"column":3}},"66":{"start":{"line":148,"column":21},"end":{"line":148,"column":34}},"67":{"start":{"line":150,"column":2},"end":{"line":193,"column":5}},"68":{"start":{"line":151,"column":4},"end":{"line":154,"column":5}},"69":{"start":{"line":152,"column":6},"end":{"line":152,"column":61}},"70":{"start":{"line":153,"column":6},"end":{"line":153,"column":50}},"71":{"start":{"line":156,"column":4},"end":{"line":158,"column":5}},"72":{"start":{"line":157,"column":6},"end":{"line":157,"column":57}},"73":{"start":{"line":160,"column":15},"end":{"line":160,"column":17}},"74":{"start":{"line":161,"column":4},"end":{"line":165,"column":5}},"75":{"start":{"line":162,"column":6},"end":{"line":162,"column":60}},"76":{"start":{"line":164,"column":6},"end":{"line":164,"column":66}},"77":{"start":{"line":167,"column":4},"end":{"line":192,"column":7}},"78":{"start":{"line":168,"column":6},"end":{"line":171,"column":7}},"79":{"start":{"line":169,"column":8},"end":{"line":169,"column":70}},"80":{"start":{"line":170,"column":8},"end":{"line":170,"column":52}},"81":{"start":{"line":173,"column":6},"end":{"line":191,"column":9}},"82":{"start":{"line":174,"column":8},"end":{"line":177,"column":9}},"83":{"start":{"line":175,"column":10},"end":{"line":175,"column":64}},"84":{"start":{"line":176,"column":10},"end":{"line":176,"column":54}},"85":{"start":{"line":179,"column":28},"end":{"line":179,"column":30}},"86":{"start":{"line":180,"column":8},"end":{"line":184,"column":9}},"87":{"start":{"line":181,"column":10},"end":{"line":183,"column":13}},"88":{"start":{"line":182,"column":12},"end":{"line":182,"column":46}},"89":{"start":{"line":186,"column":8},"end":{"line":186,"column":87}},"90":{"start":{"line":187,"column":8},"end":{"line":187,"column":29}},"91":{"start":{"line":188,"column":8},"end":{"line":188,"column":37}},"92":{"start":{"line":190,"column":8},"end":{"line":190,"column":60}},"93":{"start":{"line":197,"column":0},"end":{"line":213,"column":3}},"94":{"start":{"line":198,"column":22},"end":{"line":198,"column":30}},"95":{"start":{"line":199,"column":21},"end":{"line":199,"column":34}},"96":{"start":{"line":200,"column":17},"end":{"line":200,"column":28}},"97":{"start":{"line":202,"column":2},"end":{"line":212,"column":5}},"98":{"start":{"line":206,"column":4},"end":{"line":209,"column":5}},"99":{"start":{"line":207,"column":6},"end":{"line":207,"column":58}},"100":{"start":{"line":208,"column":6},"end":{"line":208,"column":67}},"101":{"start":{"line":211,"column":4},"end":{"line":211,"column":46}},"102":{"start":{"line":219,"column":0},"end":{"line":224,"column":1}},"103":{"start":{"line":220,"column":2},"end":{"line":223,"column":5}},"104":{"start":{"line":221,"column":4},"end":{"line":221,"column":67}},"105":{"start":{"line":222,"column":4},"end":{"line":222,"column":59}},"106":{"start":{"line":226,"column":0},"end":{"line":226,"column":21}}},"fnMap":{"0":{"name":"(anonymous_0)","decl":{"start":{"line":28,"column":12},"end":{"line":28,"column":13}},"loc":{"start":{"line":28,"column":31},"end":{"line":30,"column":3}},"line":28},"1":{"name":"(anonymous_1)","decl":{"start":{"line":39,"column":13},"end":{"line":39,"column":14}},"loc":{"start":{"line":39,"column":27},"end":{"line":41,"column":1}},"line":39},"2":{"name":"(anonymous_2)","decl":{"start":{"line":44,"column":19},"end":{"line":44,"column":20}},"loc":{"start":{"line":44,"column":33},"end":{"line":50,"column":1}},"line":44},"3":{"name":"(anonymous_3)","decl":{"start":{"line":53,"column":52},"end":{"line":53,"column":53}},"loc":{"start":{"line":53,"column":66},"end":{"line":85,"column":1}},"line":53},"4":{"name":"(anonymous_4)","decl":{"start":{"line":71,"column":112},"end":{"line":71,"column":113}},"loc":{"start":{"line":71,"column":127},"end":{"line":84,"column":3}},"line":71},"5":{"name":"(anonymous_5)","decl":{"start":{"line":88,"column":26},"end":{"line":88,"column":27}},"loc":{"start":{"line":88,"column":40},"end":{"line":124,"column":1}},"line":88},"6":{"name":"(anonymous_6)","decl":{"start":{"line":96,"column":26},"end":{"line":96,"column":27}},"loc":{"start":{"line":96,"column":41},"end":{"line":123,"column":3}},"line":96},"7":{"name":"(anonymous_7)","decl":{"start":{"line":102,"column":24},"end":{"line":102,"column":25}},"loc":{"start":{"line":102,"column":45},"end":{"line":122,"column":5}},"line":102},"8":{"name":"(anonymous_8)","decl":{"start":{"line":110,"column":24},"end":{"line":110,"column":25}},"loc":{"start":{"line":110,"column":31},"end":{"line":112,"column":9}},"line":110},"9":{"name":"(anonymous_9)","decl":{"start":{"line":115,"column":55},"end":{"line":115,"column":56}},"loc":{"start":{"line":115,"column":63},"end":{"line":119,"column":7}},"line":115},"10":{"name":"(anonymous_10)","decl":{"start":{"line":127,"column":21},"end":{"line":127,"column":22}},"loc":{"start":{"line":127,"column":35},"end":{"line":144,"column":1}},"line":127},"11":{"name":"(anonymous_11)","decl":{"start":{"line":136,"column":58},"end":{"line":136,"column":59}},"loc":{"start":{"line":136,"column":73},"end":{"line":143,"column":3}},"line":136},"12":{"name":"(anonymous_12)","decl":{"start":{"line":147,"column":27},"end":{"line":147,"column":28}},"loc":{"start":{"line":147,"column":41},"end":{"line":194,"column":1}},"line":147},"13":{"name":"(anonymous_13)","decl":{"start":{"line":150,"column":62},"end":{"line":150,"column":63}},"loc":{"start":{"line":150,"column":81},"end":{"line":193,"column":3}},"line":150},"14":{"name":"(anonymous_14)","decl":{"start":{"line":167,"column":96},"end":{"line":167,"column":97}},"loc":{"start":{"line":167,"column":122},"end":{"line":192,"column":5}},"line":167},"15":{"name":"(anonymous_15)","decl":{"start":{"line":173,"column":45},"end":{"line":173,"column":46}},"loc":{"start":{"line":173,"column":66},"end":{"line":191,"column":7}},"line":173},"16":{"name":"(anonymous_16)","decl":{"start":{"line":181,"column":26},"end":{"line":181,"column":27}},"loc":{"start":{"line":181,"column":33},"end":{"line":183,"column":11}},"line":181},"17":{"name":"(anonymous_17)","decl":{"start":{"line":197,"column":36},"end":{"line":197,"column":37}},"loc":{"start":{"line":197,"column":50},"end":{"line":213,"column":1}},"line":197},"18":{"name":"(anonymous_18)","decl":{"start":{"line":205,"column":36},"end":{"line":205,"column":37}},"loc":{"start":{"line":205,"column":45},"end":{"line":212,"column":3}},"line":205},"19":{"name":"(anonymous_19)","decl":{"start":{"line":220,"column":19},"end":{"line":220,"column":20}},"loc":{"start":{"line":220,"column":25},"end":{"line":223,"column":3}},"line":220}},"branchMap":{"0":{"loc":{"start":{"line":56,"column":20},"end":{"line":56,"column":106}},"type":"binary-expr","locations":[{"start":{"line":56,"column":20},"end":{"line":56,"column":62}},{"start":{"line":56,"column":66},"end":{"line":56,"column":106}}],"line":56},"1":{"loc":{"start":{"line":57,"column":15},"end":{"line":57,"column":65}},"type":"cond-expr","locations":[{"start":{"line":57,"column":42},"end":{"line":57,"column":51}},{"start":{"line":57,"column":54},"end":{"line":57,"column":65}}],"line":57},"2":{"loc":{"start":{"line":58,"column":16},"end":{"line":58,"column":51}},"type":"cond-expr","locations":[{"start":{"line":58,"column":27},"end":{"line":58,"column":44}},{"start":{"line":58,"column":47},"end":{"line":58,"column":51}}],"line":58},"3":{"loc":{"start":{"line":72,"column":4},"end":{"line":75,"column":5}},"type":"if","locations":[{"start":{"line":72,"column":4},"end":{"line":75,"column":5}},{"start":{},"end":{}}],"line":72},"4":{"loc":{"start":{"line":97,"column":4},"end":{"line":100,"column":5}},"type":"if","locations":[{"start":{"line":97,"column":4},"end":{"line":100,"column":5}},{"start":{},"end":{}}],"line":97},"5":{"loc":{"start":{"line":103,"column":6},"end":{"line":106,"column":7}},"type":"if","locations":[{"start":{"line":103,"column":6},"end":{"line":106,"column":7}},{"start":{},"end":{}}],"line":103},"6":{"loc":{"start":{"line":109,"column":6},"end":{"line":113,"column":7}},"type":"if","locations":[{"start":{"line":109,"column":6},"end":{"line":113,"column":7}},{"start":{},"end":{}}],"line":109},"7":{"loc":{"start":{"line":115,"column":24},"end":{"line":119,"column":14}},"type":"cond-expr","locations":[{"start":{"line":115,"column":46},"end":{"line":119,"column":9}},{"start":{"line":119,"column":12},"end":{"line":119,"column":14}}],"line":115},"8":{"loc":{"start":{"line":117,"column":14},"end":{"line":117,"column":50}},"type":"cond-expr","locations":[{"start":{"line":117,"column":25},"end":{"line":117,"column":45}},{"start":{"line":117,"column":48},"end":{"line":117,"column":50}}],"line":117},"9":{"loc":{"start":{"line":118,"column":18},"end":{"line":118,"column":66}},"type":"cond-expr","locations":[{"start":{"line":118,"column":33},"end":{"line":118,"column":59}},{"start":{"line":118,"column":62},"end":{"line":118,"column":66}}],"line":118},"10":{"loc":{"start":{"line":137,"column":4},"end":{"line":140,"column":5}},"type":"if","locations":[{"start":{"line":137,"column":4},"end":{"line":140,"column":5}},{"start":{},"end":{}}],"line":137},"11":{"loc":{"start":{"line":151,"column":4},"end":{"line":154,"column":5}},"type":"if","locations":[{"start":{"line":151,"column":4},"end":{"line":154,"column":5}},{"start":{},"end":{}}],"line":151},"12":{"loc":{"start":{"line":156,"column":4},"end":{"line":158,"column":5}},"type":"if","locations":[{"start":{"line":156,"column":4},"end":{"line":158,"column":5}},{"start":{},"end":{}}],"line":156},"13":{"loc":{"start":{"line":162,"column":13},"end":{"line":162,"column":59}},"type":"cond-expr","locations":[{"start":{"line":162,"column":29},"end":{"line":162,"column":54}},{"start":{"line":162,"column":57},"end":{"line":162,"column":59}}],"line":162},"14":{"loc":{"start":{"line":168,"column":6},"end":{"line":171,"column":7}},"type":"if","locations":[{"start":{"line":168,"column":6},"end":{"line":171,"column":7}},{"start":{},"end":{}}],"line":168},"15":{"loc":{"start":{"line":174,"column":8},"end":{"line":177,"column":9}},"type":"if","locations":[{"start":{"line":174,"column":8},"end":{"line":177,"column":9}},{"start":{},"end":{}}],"line":174},"16":{"loc":{"start":{"line":180,"column":8},"end":{"line":184,"column":9}},"type":"if","locations":[{"start":{"line":180,"column":8},"end":{"line":184,"column":9}},{"start":{},"end":{}}],"line":180},"17":{"loc":{"start":{"line":186,"column":28},"end":{"line":186,"column":86}},"type":"cond-expr","locations":[{"start":{"line":186,"column":48},"end":{"line":186,"column":79}},{"start":{"line":186,"column":82},"end":{"line":186,"column":86}}],"line":186},"18":{"loc":{"start":{"line":206,"column":4},"end":{"line":209,"column":5}},"type":"if","locations":[{"start":{"line":206,"column":4},"end":{"line":209,"column":5}},{"start":{},"end":{}}],"line":206},"19":{"loc":{"start":{"line":219,"column":0},"end":{"line":224,"column":1}},"type":"if","locations":[{"start":{"line":219,"column":0},"end":{"line":224,"column":1}},{"start":{},"end":{}}],"line":219}},"s":{"0":1,"1":1,"2":1,"3":1,"4":1,"5":1,"6":1,"7":1,"8":1,"9":1,"10":1,"11":1,"12":1,"13":1,"14":1,"15":0,"16":1,"17":1,"18":1,"19":1,"20":1,"21":1,"22":0,"23":0,"24":0,"25":0,"26":0,"27":0,"28":0,"29":0,"30":0,"31":0,"32":0,"33":0,"34":0,"35":0,"36":0,"37":0,"38":1,"39":2,"40":2,"41":2,"42":2,"43":1,"44":1,"45":1,"46":1,"47":0,"48":0,"49":1,"50":1,"51":1,"52":2,"53":1,"54":1,"55":1,"56":1,"57":0,"58":0,"59":0,"60":0,"61":0,"62":0,"63":0,"64":0,"65":1,"66":0,"67":0,"68":0,"69":0,"70":0,"71":0,"72":0,"73":0,"74":0,"75":0,"76":0,"77":0,"78":0,"79":0,"80":0,"81":0,"82":0,"83":0,"84":0,"85":0,"86":0,"87":0,"88":0,"89":0,"90":0,"91":0,"92":0,"93":1,"94":0,"95":0,"96":0,"97":0,"98":0,"99":0,"100":0,"101":0,"102":1,"103":0,"104":0,"105":0,"106":1},"f":{"0":0,"1":1,"2":1,"3":0,"4":0,"5":2,"6":2,"7":1,"8":2,"9":1,"10":0,"11":0,"12":0,"13":0,"14":0,"15":0,"16":0,"17":0,"18":0,"19":0},"b":{"0":[0,0],"1":[0,0],"2":[0,0],"3":[0,0],"4":[1,1],"5":[0,1],"6":[1,0],"7":[1,0],"8":[1,0],"9":[0,1],"10":[0,0],"11":[0,0],"12":[0,0],"13":[0,0],"14":[0,0],"15":[0,0],"16":[0,0],"17":[0,0],"18":[0,0],"19":[0,1]},"_coverageSchema":"1a1c01bbd47fc00a2c39e90264f33305004495a9","hash":"6c78cda6f9ceb790004140a4f9654b915828f050"}
}
