TN:
SF:server/app.js
FN:28,(anonymous_0)
FN:39,(anonymous_1)
FN:44,(anonymous_2)
FN:53,(anonymous_3)
FN:71,(anonymous_4)
FN:88,(anonymous_5)
FN:96,(anonymous_6)
FN:102,(anonymous_7)
FN:110,(anonymous_8)
FN:115,(anonymous_9)
FN:127,(anonymous_10)
FN:136,(anonymous_11)
FN:147,(anonymous_12)
FN:150,(anonymous_13)
FN:167,(anonymous_14)
FN:173,(anonymous_15)
FN:181,(anonymous_16)
FN:197,(anonymous_17)
FN:205,(anonymous_18)
FN:220,(anonymous_19)
FNF:20
FNH:7
FNDA:0,(anonymous_0)
FNDA:1,(anonymous_1)
FNDA:1,(anonymous_2)
FNDA:0,(anonymous_3)
FNDA:0,(anonymous_4)
FNDA:2,(anonymous_5)
FNDA:2,(anonymous_6)
FNDA:1,(anonymous_7)
FNDA:2,(anonymous_8)
FNDA:1,(anonymous_9)
FNDA:0,(anonymous_10)
FNDA:0,(anonymous_11)
FNDA:0,(anonymous_12)
FNDA:0,(anonymous_13)
FNDA:0,(anonymous_14)
FNDA:0,(anonymous_15)
FNDA:0,(anonymous_16)
FNDA:0,(anonymous_17)
FNDA:0,(anonymous_18)
FNDA:0,(anonymous_19)
DA:1,1
DA:2,1
DA:3,1
DA:4,1
DA:5,1
DA:7,1
DA:8,1
DA:11,1
DA:12,1
DA:15,1
DA:16,1
DA:17,1
DA:20,1
DA:21,1
DA:26,1
DA:29,0
DA:32,1
DA:39,1
DA:40,1
DA:44,1
DA:45,1
DA:53,1
DA:54,0
DA:55,0
DA:56,0
DA:57,0
DA:58,0
DA:60,0
DA:61,0
DA:62,0
DA:63,0
DA:64,0
DA:66,0
DA:71,0
DA:72,0
DA:73,0
DA:74,0
DA:77,0
DA:88,1
DA:89,2
DA:94,2
DA:96,2
DA:97,2
DA:98,1
DA:99,1
DA:102,1
DA:103,1
DA:104,0
DA:105,0
DA:108,1
DA:109,1
DA:110,1
DA:111,2
DA:115,1
DA:121,1
DA:127,1
DA:128,0
DA:129,0
DA:131,0
DA:136,0
DA:137,0
DA:138,0
DA:139,0
DA:142,0
DA:147,1
DA:148,0
DA:150,0
DA:151,0
DA:152,0
DA:153,0
DA:156,0
DA:157,0
DA:160,0
DA:161,0
DA:162,0
DA:164,0
DA:167,0
DA:168,0
DA:169,0
DA:170,0
DA:173,0
DA:174,0
DA:175,0
DA:176,0
DA:179,0
DA:180,0
DA:181,0
DA:182,0
DA:186,0
DA:187,0
DA:188,0
DA:190,0
DA:197,1
DA:198,0
DA:199,0
DA:200,0
DA:202,0
DA:206,0
DA:207,0
DA:208,0
DA:211,0
DA:219,1
DA:220,0
DA:221,0
DA:222,0
DA:226,1
LF:106
LH:41
BRDA:56,0,0,0
BRDA:56,0,1,0
BRDA:57,1,0,0
BRDA:57,1,1,0
BRDA:58,2,0,0
BRDA:58,2,1,0
BRDA:72,3,0,0
BRDA:72,3,1,0
BRDA:97,4,0,1
BRDA:97,4,1,1
BRDA:103,5,0,0
BRDA:103,5,1,1
BRDA:109,6,0,1
BRDA:109,6,1,0
BRDA:115,7,0,1
BRDA:115,7,1,0
BRDA:117,8,0,1
BRDA:117,8,1,0
BRDA:118,9,0,0
BRDA:118,9,1,1
BRDA:137,10,0,0
BRDA:137,10,1,0
BRDA:151,11,0,0
BRDA:151,11,1,0
BRDA:156,12,0,0
BRDA:156,12,1,0
BRDA:162,13,0,0
BRDA:162,13,1,0
BRDA:168,14,0,0
BRDA:168,14,1,0
BRDA:174,15,0,0
BRDA:174,15,1,0
BRDA:180,16,0,0
BRDA:180,16,1,0
BRDA:186,17,0,0
BRDA:186,17,1,0
BRDA:206,18,0,0
BRDA:206,18,1,0
BRDA:219,19,0,0
BRDA:219,19,1,1
BRF:40
BRH:8
end_of_record
